<?xml version="1.0" encoding="UTF-8"?>
<!-- Generated by org.testng.reporters.JUnitXMLReporter -->
<testsuite ignored="14" hostname="Kavin" failures="1" tests="9" name="Test" time="258.25" errors="0" timestamp="2024-05-05T22:32:35 IST">
  <testcase classname="TestCases.TC_01_SelectCountryTest" name="TC_01_SelectCountryTest" time="19.557"/>
  <testcase classname="TestCases.TC_02_AccountLoginTest" name="TC_02_AccountLoginTest" time="14.835"/>
  <testcase classname="TestCases.TC_03_MainMenuTest" name="TC_03_MainMenuTest" time="9.198"/>
  <testcase classname="TestCases.TC_04_BottamMenuValidateTest" name="TC_04_BottamMenuValidateTest" time="8.525"/>
  <testcase classname="TestCases.TC_05_ByPageTest" name="TC_05_ByPageTest" time="14.912"/>
  <testcase classname="TestCases.TC_06_ByDepartmentTest" name="TC_06_ByDepartmentTest" time="24.775"/>
  <testcase classname="TestCases.TC_07_ByBrandTest" name="TC_04_ByBrandTest" time="23.216"/>
  <testcase classname="TestCases.TC_08_CheckOutTest" name="TC_07_CheckOutTest" time="113.919">
    <failure type="org.openqa.selenium.TimeoutException" message="Expected condition failed: waiting for visibility of Proxy element for: DefaultElementLocator &amp;apos;By.xpath: //input[@id=&amp;apos;number&amp;apos;]&amp;apos; (tried for 0 second(s) with 500 milliseconds interval)">
      <![CDATA[org.openqa.selenium.TimeoutException: Expected condition failed: waiting for visibility of Proxy element for: DefaultElementLocator 'By.xpath: //input[@id='number']' (tried for 0 second(s) with 500 milliseconds interval)
at org.openqa.selenium.support.ui.WebDriverWait.timeoutException(WebDriverWait.java:84)
at org.openqa.selenium.support.ui.FluentWait.until(FluentWait.java:228)
at UtilsBB.UtilsBestBuy.waitExplicit(UtilsBestBuy.java:88)
at UtilsBB.UtilsBestBuy.clickOn(UtilsBestBuy.java:138)
at Class.CheckOutClass.carddetails(CheckOutClass.java:91)
at TestCases.TC_08_CheckOutTest.TC_07_CheckOutTest(TC_08_CheckOutTest.java:22)
at java.base/java.util.ArrayList.forEach(ArrayList.java:1596)
Caused by: org.openqa.selenium.NoSuchElementException: no such element: Unable to locate element: {"method":"xpath","selector":"//input[@id='number']"}
  (Session info: chrome=124.0.6367.119)
For documentation on this error, please visit: https://www.selenium.dev/documentation/webdriver/troubleshooting/errors#no-such-element-exception
Build info: version: '4.17.0', revision: 'e52b1be057*'
System info: os.name: 'Windows 11', os.arch: 'amd64', os.version: '10.0', java.version: '21.0.2'
Driver info: org.openqa.selenium.chrome.ChromeDriver
Command: [1d514fb9c1346687789ba74d5737750f, findElement {value=//input[@id='number'], using=xpath}]
Capabilities {acceptInsecureCerts: false, browserName: chrome, browserVersion: 124.0.6367.119, chrome: {chromedriverVersion: 124.0.6367.91 (51df0e5e17a8..., userDataDir: C:\Users\kavin\AppData\Loca...}, fedcm:accounts: true, goog:chromeOptions: {debuggerAddress: localhost:51231}, networkConnectionEnabled: false, pageLoadStrategy: normal, platformName: windows, proxy: Proxy(), se:cdp: ws://localhost:51231/devtoo..., se:cdpVersion: 124.0.6367.119, setWindowRect: true, strictFileInteractability: false, timeouts: {implicit: 0, pageLoad: 300000, script: 30000}, unhandledPromptBehavior: dismiss and notify, webauthn:extension:credBlob: true, webauthn:extension:largeBlob: true, webauthn:extension:minPinLength: true, webauthn:extension:prf: true, webauthn:virtualAuthenticators: true}
Session ID: 1d514fb9c1346687789ba74d5737750f
at org.openqa.selenium.remote.codec.w3c.W3CHttpResponseCodec.createException(W3CHttpResponseCodec.java:185)
at org.openqa.selenium.remote.codec.w3c.W3CHttpResponseCodec.decode(W3CHttpResponseCodec.java:134)
at org.openqa.selenium.remote.codec.w3c.W3CHttpResponseCodec.decode(W3CHttpResponseCodec.java:51)
at org.openqa.selenium.remote.HttpCommandExecutor.execute(HttpCommandExecutor.java:190)
at org.openqa.selenium.remote.service.DriverCommandExecutor.invokeExecute(DriverCommandExecutor.java:216)
at org.openqa.selenium.remote.service.DriverCommandExecutor.execute(DriverCommandExecutor.java:174)
at org.openqa.selenium.remote.RemoteWebDriver.execute(RemoteWebDriver.java:519)
at org.openqa.selenium.remote.ElementLocation$ElementFinder$2.findElement(ElementLocation.java:165)
at org.openqa.selenium.remote.ElementLocation.findElement(ElementLocation.java:59)
at org.openqa.selenium.remote.RemoteWebDriver.findElement(RemoteWebDriver.java:356)
at org.openqa.selenium.remote.RemoteWebDriver.findElement(RemoteWebDriver.java:350)
at org.openqa.selenium.support.pagefactory.DefaultElementLocator.findElement(DefaultElementLocator.java:68)
at org.openqa.selenium.support.pagefactory.internal.LocatingElementHandler.invoke(LocatingElementHandler.java:38)
at jdk.proxy2/jdk.proxy2.$Proxy16.isDisplayed(Unknown Source)
at org.openqa.selenium.support.ui.ExpectedConditions.elementIfVisible(ExpectedConditions.java:304)
at org.openqa.selenium.support.ui.ExpectedConditions$10.apply(ExpectedConditions.java:290)
at org.openqa.selenium.support.ui.ExpectedConditions$10.apply(ExpectedConditions.java:287)
at org.openqa.selenium.support.ui.FluentWait.until(FluentWait.java:203)
... 34 more
... Removed 32 stack frames]]>
    </failure>
  </testcase> <!-- TC_07_CheckOutTest -->
  <testcase classname="TestCases.TC_09_BrokenLinkValidationTest" name="brokenLinkBestbuy" time="10.755"/>
  <testcase classname="BasicBB.BasicBestBuy" name="@AfterSuite endReport" time="0.0">
    <ignored/>
  </testcase> <!-- @AfterSuite endReport -->
  <testcase classname="BasicBB.BasicBestBuy" name="@AfterSuite endReport" time="0.0">
    <ignored/>
  </testcase> <!-- @AfterSuite endReport -->
  <testcase classname="BasicBB.BasicBestBuy" name="@BeforeSuite StartReport" time="0.0">
    <ignored/>
  </testcase> <!-- @BeforeSuite StartReport -->
  <testcase classname="BasicBB.BasicBestBuy" name="@BeforeSuite StartReport" time="0.0">
    <ignored/>
  </testcase> <!-- @BeforeSuite StartReport -->
  <testcase classname="BasicBB.BasicBestBuy" name="@BeforeSuite StartReport" time="0.0">
    <ignored/>
  </testcase> <!-- @BeforeSuite StartReport -->
  <testcase classname="BasicBB.BasicBestBuy" name="@BeforeSuite StartReport" time="0.0">
    <ignored/>
  </testcase> <!-- @BeforeSuite StartReport -->
  <testcase classname="BasicBB.BasicBestBuy" name="@AfterSuite endReport" time="0.0">
    <ignored/>
  </testcase> <!-- @AfterSuite endReport -->
  <testcase classname="BasicBB.BasicBestBuy" name="@AfterSuite endReport" time="0.0">
    <ignored/>
  </testcase> <!-- @AfterSuite endReport -->
  <testcase classname="BasicBB.BasicBestBuy" name="@AfterSuite endReport" time="0.0">
    <ignored/>
  </testcase> <!-- @AfterSuite endReport -->
  <testcase classname="BasicBB.BasicBestBuy" name="@BeforeSuite StartReport" time="0.0">
    <ignored/>
  </testcase> <!-- @BeforeSuite StartReport -->
  <testcase classname="BasicBB.BasicBestBuy" name="@AfterSuite endReport" time="0.0">
    <ignored/>
  </testcase> <!-- @AfterSuite endReport -->
  <testcase classname="BasicBB.BasicBestBuy" name="@AfterSuite endReport" time="0.0">
    <ignored/>
  </testcase> <!-- @AfterSuite endReport -->
  <testcase classname="BasicBB.BasicBestBuy" name="@BeforeSuite StartReport" time="0.0">
    <ignored/>
  </testcase> <!-- @BeforeSuite StartReport -->
  <testcase classname="BasicBB.BasicBestBuy" name="@BeforeSuite StartReport" time="0.0">
    <ignored/>
  </testcase> <!-- @BeforeSuite StartReport -->
</testsuite> <!-- Test -->
